app/build/intermediates/manifest_merge_blame_file/debug/manifest-merger-blame-debug-report.txt
1<?xml version="1.0" encoding="utf-8"?>
2<manifest xmlns:android="http://schemas.android.com/apk/res/android"
3    package="com.graoscafe"
4    android:versionCode="1"
5    android:versionName="1.0" >
6
7    <uses-sdk
8        android:minSdkVersion="21"
8-->src/main/AndroidManifest.xml
9        android:targetSdkVersion="31" />
9-->src/main/AndroidManifest.xml
10
11    <application
11-->src/main/AndroidManifest.xml:5:5-26:19
12        android:allowBackup="true"
12-->src/main/AndroidManifest.xml:6:9-35
13        android:appComponentFactory="androidx.core.app.CoreComponentFactory"
13-->[androidx.core:core:1.3.1] AndroidManifest.xml:24:18-86
14        android:debuggable="true"
15        android:icon="@mipmap/ic_launcher_logo_2_round"
15-->src/main/AndroidManifest.xml:7:9-56
16        android:label="@string/app_name"
16-->src/main/AndroidManifest.xml:8:9-41
17        android:roundIcon="@mipmap/ic_launcher_round"
17-->src/main/AndroidManifest.xml:9:9-54
18        android:supportsRtl="true"
18-->src/main/AndroidManifest.xml:10:9-35
19        android:testOnly="true"
20        android:theme="@style/Theme.AppCompat.DayNight.DarkActionBar" >
20-->src/main/AndroidManifest.xml:11:9-70
21        <activity
21-->src/main/AndroidManifest.xml:12:9-15:39
22            android:name="com.graoscafe.view.TiposGrainsCafe"
22-->src/main/AndroidManifest.xml:14:13-49
23            android:exported="true"
23-->src/main/AndroidManifest.xml:15:13-36
24            android:screenOrientation="portrait" />
24-->src/main/AndroidManifest.xml:13:13-49
25        <activity
25-->src/main/AndroidManifest.xml:16:9-25:20
26            android:name="com.graoscafe.view.ShowGraosCafe"
26-->src/main/AndroidManifest.xml:18:13-47
27            android:exported="true"
27-->src/main/AndroidManifest.xml:19:13-36
28            android:screenOrientation="portrait" >
28-->src/main/AndroidManifest.xml:17:13-49
29            <intent-filter>
29-->src/main/AndroidManifest.xml:20:13-24:29
30                <action android:name="android.intent.action.MAIN" />
30-->src/main/AndroidManifest.xml:21:17-69
30-->src/main/AndroidManifest.xml:21:25-66
31
32                <category android:name="android.intent.category.LAUNCHER" />
32-->src/main/AndroidManifest.xml:23:17-77
32-->src/main/AndroidManifest.xml:23:27-74
33            </intent-filter>
34        </activity>
35    </application>
36
37</manifest>